[18:24:19] [main/INFO] (FabricLoader/GameProvider) Loading Minecraft 1.19.4 with Fabric Loader 0.14.21
[18:24:19] [main/INFO] (FabricLoader) Loading 46 mods:
	- fabric-api 0.85.0+1.19.4
	- fabric-api-base 0.4.27+1e9487d2f4
	- fabric-api-lookup-api-v1 1.6.28+504944c8f4
	- fabric-biome-api-v1 13.0.9+10ce000ff4
	- fabric-block-api-v1 1.0.8+e022e5d1f4
	- fabric-blockrenderlayer-v1 1.1.37+10ce000ff4
	- fabric-client-tags-api-v1 1.1.0+0eee1254f4
	- fabric-command-api-v2 2.2.9+10ce000ff4
	- fabric-content-registries-v0 3.5.13+10ce000ff4
	- fabric-convention-tags-v1 1.5.2+10ce000ff4
	- fabric-crash-report-info-v1 0.2.17+aeb40ebef4
	- fabric-data-generation-api-v1 11.4.4+10ce000ff4
	- fabric-dimensions-v1 2.1.48+10ce000ff4
	- fabric-entity-events-v1 1.5.16+10ce000ff4
	- fabric-events-interaction-v0 0.6.0+10ce000ff4
	- fabric-game-rule-api-v1 1.0.35+a1ccd7bff4
	- fabric-gametest-api-v1 1.2.8+10ce000ff4
	- fabric-item-api-v1 2.1.20+10ce000ff4
	- fabric-item-group-api-v1 3.0.9+da41e1a9f4
	- fabric-key-binding-api-v1 1.0.35+504944c8f4
	- fabric-lifecycle-events-v1 2.2.18+10ce000ff4
	- fabric-loot-api-v2 1.1.31+10ce000ff4
	- fabric-message-api-v1 5.1.4+10ce000ff4
	- fabric-mining-level-api-v1 2.1.43+10ce000ff4
	- fabric-models-v0 0.3.33+10ce000ff4
	- fabric-networking-api-v1 1.3.4+10ce000ff4
	- fabric-object-builder-api-v1 7.1.0+d63b52eaf4
	- fabric-particles-v1 1.1.0+86d48884f4
	- fabric-recipe-api-v1 1.0.11+10ce000ff4
	- fabric-registry-sync-v0 2.2.3+10ce000ff4
	- fabric-renderer-api-v1 2.4.0+c6bbc80df4
	- fabric-renderer-indigo 1.4.0+c6bbc80df4
	- fabric-rendering-data-attachment-v1 0.3.31+10ce000ff4
	- fabric-rendering-fluids-v1 3.0.24+10ce000ff4
	- fabric-rendering-v1 2.1.4+10ce000ff4
	- fabric-resource-conditions-api-v1 2.3.3+10ce000ff4
	- fabric-resource-loader-v0 0.11.6+d3afe6c3f4
	- fabric-screen-api-v1 1.0.48+10ce000ff4
	- fabric-screen-handler-api-v1 1.3.23+10ce000ff4
	- fabric-sound-api-v1 1.0.11+10ce000ff4
	- fabric-transfer-api-v1 3.2.2+c956c0e6f4
	- fabric-transitive-access-wideners-v1 3.2.0+10ce000ff4
	- fabricloader 0.14.21
	- java 17
	- minecraft 1.19.4
	- superscraper 1.0.0
[18:24:19] [main/INFO] (FabricLoader/Mixin) SpongePowered MIXIN Subsystem Version=0.8.5 Source=file:/C:/Users/itsja/.gradle/caches/modules-2/files-2.1/net.fabricmc/sponge-mixin/0.12.5+mixin.0.8.5/8d31fb97c3e0cd7c8dad3441851c523bcfae6d8e/sponge-mixin-0.12.5+mixin.0.8.5.jar Service=Knot/Fabric Env=CLIENT
[18:24:20] [main/INFO] (FabricLoader/Mixin) Loaded Fabric development mappings for mixin remapper!
[18:24:20] [main/INFO] (FabricLoader/Mixin) Compatibility level set to JAVA_16
[18:24:20] [main/INFO] (FabricLoader/Mixin) Compatibility level set to JAVA_17
[18:24:30] [Datafixer Bootstrap/INFO] (Minecraft) 180 Datafixer optimizations took 175 milliseconds
[18:24:43] [Render thread/INFO] (Minecraft) Environment: authHost='https://authserver.mojang.com', accountsHost='https://api.mojang.com', sessionHost='https://sessionserver.mojang.com', servicesHost='https://api.minecraftservices.com', name='PROD'
[18:24:43] [Render thread/ERROR] (Minecraft) Failed to verify authentication
com.mojang.authlib.exceptions.InvalidCredentialsException: Status: 401
	at com.mojang.authlib.exceptions.MinecraftClientHttpException.toAuthenticationException(MinecraftClientHttpException.java:56) ~[authlib-3.18.38.jar:?]
	at com.mojang.authlib.yggdrasil.YggdrasilUserApiService.fetchProperties(YggdrasilUserApiService.java:156) ~[authlib-3.18.38.jar:?]
	at com.mojang.authlib.yggdrasil.YggdrasilUserApiService.<init>(YggdrasilUserApiService.java:55) ~[authlib-3.18.38.jar:?]
	at com.mojang.authlib.yggdrasil.YggdrasilAuthenticationService.createUserApiService(YggdrasilAuthenticationService.java:161) ~[authlib-3.18.38.jar:?]
	at net.minecraft.client.MinecraftClient.createUserApiService(MinecraftClient.java:732) ~[minecraft-merged-project-root-1.19.4-net.fabricmc.yarn.1_19_4.1.19.4+build.2-v2.jar:?]
	at net.minecraft.client.MinecraftClient.<init>(MinecraftClient.java:440) ~[minecraft-merged-project-root-1.19.4-net.fabricmc.yarn.1_19_4.1.19.4+build.2-v2.jar:?]
	at net.minecraft.client.main.Main.main(Main.java:198) ~[minecraft-merged-project-root-1.19.4-net.fabricmc.yarn.1_19_4.1.19.4+build.2-v2.jar:?]
	at net.fabricmc.loader.impl.game.minecraft.MinecraftGameProvider.launch(MinecraftGameProvider.java:468) ~[fabric-loader-0.14.21.jar:?]
	at net.fabricmc.loader.impl.launch.knot.Knot.launch(Knot.java:74) ~[fabric-loader-0.14.21.jar:?]
	at net.fabricmc.loader.impl.launch.knot.KnotClient.main(KnotClient.java:23) ~[fabric-loader-0.14.21.jar:?]
	at net.fabricmc.devlaunchinjector.Main.main(Main.java:86) ~[dev-launch-injector-0.2.1+build.8.jar:?]
Caused by: com.mojang.authlib.exceptions.MinecraftClientHttpException: Status: 401
	at com.mojang.authlib.minecraft.client.MinecraftClient.readInputStream(MinecraftClient.java:85) ~[authlib-3.18.38.jar:?]
	at com.mojang.authlib.minecraft.client.MinecraftClient.get(MinecraftClient.java:48) ~[authlib-3.18.38.jar:?]
	at com.mojang.authlib.yggdrasil.YggdrasilUserApiService.fetchProperties(YggdrasilUserApiService.java:129) ~[authlib-3.18.38.jar:?]
	... 9 more
[18:24:43] [Render thread/INFO] (Minecraft) Setting user: Player491
[18:24:43] [Render thread/INFO] (Indigo) [Indigo] Registering Indigo renderer!
[18:24:44] [Render thread/INFO] (Minecraft) Backend library: LWJGL version 3.3.1 SNAPSHOT
[18:24:45] [Render thread/INFO] (Minecraft) Reloading ResourceManager: vanilla, fabric (fabric-dimensions-v1, fabric-convention-tags-v1, fabric-renderer-indigo, fabric-crash-report-info-v1, fabric-content-registries-v0, fabric-models-v0, fabric-api-base, fabric-transfer-api-v1, fabric-loot-api-v2, fabric-resource-loader-v0, fabric-sound-api-v1, fabric-mining-level-api-v1, fabric-registry-sync-v0, fabric-message-api-v1, fabric-api-lookup-api-v1, fabric-events-interaction-v0, fabric-command-api-v2, fabric-client-tags-api-v1, fabric-data-generation-api-v1, fabric-particles-v1, fabric-biome-api-v1, fabric-rendering-fluids-v1, fabric-transitive-access-wideners-v1, fabric-api, fabric-item-api-v1, fabric-renderer-api-v1, fabric-rendering-data-attachment-v1, fabric-game-rule-api-v1, fabric-resource-conditions-api-v1, fabric-key-binding-api-v1, fabric-screen-handler-api-v1, fabric-entity-events-v1, fabricloader, fabric-gametest-api-v1, fabric-item-group-api-v1, fabric-recipe-api-v1, fabric-screen-api-v1, fabric-networking-api-v1, fabric-block-api-v1, fabric-lifecycle-events-v1, fabric-blockrenderlayer-v1, fabric-rendering-v1, fabric-object-builder-api-v1)
[18:24:47] [Render thread/WARN] (Minecraft) Missing sound for event: minecraft:item.brush.brushing
[18:24:47] [Render thread/WARN] (Minecraft) Missing sound for event: minecraft:item.brush.brush_sand_completed
[18:24:47] [Render thread/WARN] (Minecraft) Missing sound for event: minecraft:item.goat_horn.play
[18:24:47] [Render thread/WARN] (Minecraft) Missing sound for event: minecraft:entity.goat.screaming.horn_break
[18:24:47] [Render thread/WARN] (Minecraft) Missing sound for event: minecraft:music.overworld.cherry_grove
[18:24:47] [Render thread/INFO] (Minecraft) OpenAL initialized on device OpenAL Soft on SyncMaster (NVIDIA High Definition Audio)
[18:24:47] [Render thread/INFO] (Minecraft) Sound engine started
[18:24:47] [Render thread/INFO] (Minecraft) Created: 1024x512x4 minecraft:textures/atlas/blocks.png-atlas
[18:24:47] [Render thread/INFO] (Minecraft) Created: 256x256x4 minecraft:textures/atlas/signs.png-atlas
[18:24:47] [Render thread/INFO] (Minecraft) Created: 512x512x4 minecraft:textures/atlas/shield_patterns.png-atlas
[18:24:47] [Render thread/INFO] (Minecraft) Created: 512x512x4 minecraft:textures/atlas/banner_patterns.png-atlas
[18:24:47] [Render thread/INFO] (Minecraft) Created: 1024x1024x4 minecraft:textures/atlas/armor_trims.png-atlas
[18:24:47] [Render thread/INFO] (Minecraft) Created: 64x64x4 minecraft:textures/atlas/decorated_pot.png-atlas
[18:24:47] [Render thread/INFO] (Minecraft) Created: 256x256x4 minecraft:textures/atlas/chest.png-atlas
[18:24:47] [Render thread/INFO] (Minecraft) Created: 512x256x4 minecraft:textures/atlas/shulker_boxes.png-atlas
[18:24:47] [Render thread/INFO] (Minecraft) Created: 512x256x4 minecraft:textures/atlas/beds.png-atlas
[18:24:47] [Render thread/WARN] (Minecraft) Shader rendertype_entity_translucent_emissive could not find sampler named Sampler2 in the specified shader program.
[18:24:47] [Render thread/INFO] (Minecraft) Created: 256x256x0 minecraft:textures/atlas/particles.png-atlas
[18:24:47] [Render thread/INFO] (Minecraft) Created: 256x256x0 minecraft:textures/atlas/paintings.png-atlas
[18:24:47] [Render thread/INFO] (Minecraft) Created: 128x128x0 minecraft:textures/atlas/mob_effects.png-atlas
[18:24:55] [Realms Notification Availability checker #1/INFO] (Minecraft) Could not authorize you against Realms server: Invalid session id
[18:25:02] [Render thread/INFO] (Minecraft) Loaded 7 recipes
[18:25:02] [Render thread/INFO] (Minecraft) Loaded 1179 advancements
[18:25:05] [Render thread/INFO] (BiomeModificationImpl) Applied 0 biome modifications to 0 of 63 new biomes in 1.872 ms
[18:25:05] [Server thread/INFO] (Minecraft) Starting integrated minecraft server version 1.19.4
[18:25:05] [Server thread/INFO] (Minecraft) Generating keypair
[18:25:08] [Server thread/INFO] (Minecraft) Preparing start region for dimension minecraft:overworld
[18:25:09] [Render thread/INFO] (Minecraft) Preparing spawn area: 0%
[18:25:09] [Render thread/INFO] (Minecraft) Preparing spawn area: 0%
[18:25:09] [Render thread/INFO] (Minecraft) Preparing spawn area: 0%
[18:25:10] [Render thread/INFO] (Minecraft) Preparing spawn area: 0%
[18:25:10] [Render thread/INFO] (Minecraft) Preparing spawn area: 2%
[18:25:11] [Render thread/INFO] (Minecraft) Preparing spawn area: 4%
[18:25:11] [Render thread/INFO] (Minecraft) Preparing spawn area: 5%
[18:25:12] [Render thread/INFO] (Minecraft) Preparing spawn area: 6%
[18:25:12] [Render thread/INFO] (Minecraft) Preparing spawn area: 8%
[18:25:13] [Render thread/INFO] (Minecraft) Preparing spawn area: 11%
[18:25:13] [Render thread/INFO] (Minecraft) Preparing spawn area: 16%
[18:25:14] [Render thread/INFO] (Minecraft) Preparing spawn area: 18%
[18:25:14] [Render thread/INFO] (Minecraft) Preparing spawn area: 23%
[18:25:15] [Render thread/INFO] (Minecraft) Preparing spawn area: 26%
[18:25:15] [Render thread/INFO] (Minecraft) Preparing spawn area: 32%
[18:25:16] [Render thread/INFO] (Minecraft) Preparing spawn area: 35%
[18:25:16] [Render thread/INFO] (Minecraft) Preparing spawn area: 40%
[18:25:17] [Render thread/INFO] (Minecraft) Preparing spawn area: 46%
[18:25:17] [Render thread/INFO] (Minecraft) Preparing spawn area: 50%
[18:25:18] [Render thread/INFO] (Minecraft) Preparing spawn area: 55%
[18:25:18] [Render thread/INFO] (Minecraft) Preparing spawn area: 61%
[18:25:19] [Render thread/INFO] (Minecraft) Preparing spawn area: 65%
[18:25:19] [Render thread/INFO] (Minecraft) Preparing spawn area: 70%
[18:25:20] [Render thread/INFO] (Minecraft) Preparing spawn area: 75%
[18:25:20] [Render thread/INFO] (Minecraft) Preparing spawn area: 81%
[18:25:21] [Render thread/INFO] (Minecraft) Preparing spawn area: 86%
[18:25:21] [Render thread/INFO] (Minecraft) Preparing spawn area: 92%
[18:25:22] [Render thread/INFO] (Minecraft) Preparing spawn area: 96%
[18:25:22] [Render thread/INFO] (Minecraft) Time elapsed: 13644 ms
[18:25:22] [Server thread/INFO] (Minecraft) Changing view distance to 12, from 10
[18:25:22] [Server thread/INFO] (Minecraft) Changing simulation distance to 12, from 0
[18:25:23] [Server thread/INFO] (Minecraft) Player491[local:E:af1a9536] logged in with entity id 81 at (-96.5, 71.0, -38.5)
[18:25:23] [Server thread/INFO] (Minecraft) Player491 joined the game
[18:25:23] [Render thread/INFO] (Minecraft) Loaded 2 advancements
[18:25:38] [Server thread/INFO] (Minecraft) Saving and pausing game...
[18:25:38] [Server thread/INFO] (Minecraft) Saving chunks for level 'ServerLevel[New World]'/minecraft:overworld
[18:25:38] [Server thread/INFO] (Minecraft) Saving chunks for level 'ServerLevel[New World]'/minecraft:the_nether
[18:25:38] [Server thread/INFO] (Minecraft) Saving chunks for level 'ServerLevel[New World]'/minecraft:the_end
[18:25:39] [Server thread/INFO] (Minecraft) Player491 lost connection: Disconnected
[18:25:39] [Server thread/INFO] (Minecraft) Player491 left the game
[18:25:39] [Server thread/INFO] (Minecraft) Stopping singleplayer server as player logged out
[18:25:39] [Server thread/INFO] (Minecraft) Stopping server
[18:25:39] [Server thread/INFO] (Minecraft) Saving players
[18:25:39] [Server thread/INFO] (Minecraft) Saving worlds
[18:25:39] [Server thread/INFO] (Minecraft) Saving chunks for level 'ServerLevel[New World]'/minecraft:overworld
[18:25:40] [Server thread/INFO] (Minecraft) Saving chunks for level 'ServerLevel[New World]'/minecraft:the_nether
[18:25:40] [Server thread/INFO] (Minecraft) Saving chunks for level 'ServerLevel[New World]'/minecraft:the_end
[18:25:40] [Server thread/INFO] (Minecraft) ThreadedAnvilChunkStorage (New World): All chunks are saved
[18:25:40] [Server thread/INFO] (Minecraft) ThreadedAnvilChunkStorage (DIM-1): All chunks are saved
[18:25:40] [Server thread/INFO] (Minecraft) ThreadedAnvilChunkStorage (DIM1): All chunks are saved
[18:25:40] [Server thread/INFO] (Minecraft) ThreadedAnvilChunkStorage: All dimensions are saved
[18:25:41] [Render thread/INFO] (Minecraft) Stopping!
